c:\users\mcgra\desktop\finalrwm\responsesystem\responsesystem\responsesystem\rwm_1718_p2_b\x64\debug\vc141.pdb
c:\users\mcgra\desktop\finalrwm\responsesystem\responsesystem\responsesystem\rwm_1718_p2_b\x64\debug\vc141.idb
c:\users\mcgra\desktop\finalrwm\responsesystem\responsesystem\responsesystem\rwm_1718_p2_b\x64\debug\game.obj
c:\users\mcgra\desktop\finalrwm\responsesystem\responsesystem\responsesystem\rwm_1718_p2_b\x64\debug\ltimer.obj
c:\users\mcgra\desktop\finalrwm\responsesystem\responsesystem\responsesystem\rwm_1718_p2_b\x64\debug\player.obj
c:\users\mcgra\desktop\finalrwm\responsesystem\responsesystem\responsesystem\rwm_1718_p2_b\x64\debug\renderer.obj
c:\users\mcgra\desktop\finalrwm\responsesystem\responsesystem\responsesystem\rwm_1718_p2_b\x64\debug\responsesystemfunction.obj
c:\users\mcgra\desktop\finalrwm\responsesystem\responsesystem\responsesystem\rwm_1718_p2_b\x64\debug\source.obj
c:\users\mcgra\desktop\finalrwm\responsesystem\responsesystem\responsesystem\x64\debug\responsesystem.ilk
c:\users\mcgra\desktop\finalrwm\responsesystem\responsesystem\responsesystem\x64\debug\responsesystem.exe
c:\users\mcgra\desktop\finalrwm\responsesystem\responsesystem\responsesystem\x64\debug\responsesystem.pdb
c:\users\mcgra\desktop\finalrwm\responsesystem\responsesystem\responsesystem\x64\debug\responsesystem.lib
c:\users\mcgra\desktop\finalrwm\responsesystem\responsesystem\responsesystem\x64\debug\responsesystem.exp
c:\users\mcgra\desktop\finalrwm\responsesystem\responsesystem\responsesystem\rwm_1718_p2_b\x64\debug\responsesystem.tlog\cl.command.1.tlog
c:\users\mcgra\desktop\finalrwm\responsesystem\responsesystem\responsesystem\rwm_1718_p2_b\x64\debug\responsesystem.tlog\cl.read.1.tlog
c:\users\mcgra\desktop\finalrwm\responsesystem\responsesystem\responsesystem\rwm_1718_p2_b\x64\debug\responsesystem.tlog\cl.write.1.tlog
c:\users\mcgra\desktop\finalrwm\responsesystem\responsesystem\responsesystem\rwm_1718_p2_b\x64\debug\responsesystem.tlog\link.command.1.tlog
c:\users\mcgra\desktop\finalrwm\responsesystem\responsesystem\responsesystem\rwm_1718_p2_b\x64\debug\responsesystem.tlog\link.read.1.tlog
c:\users\mcgra\desktop\finalrwm\responsesystem\responsesystem\responsesystem\rwm_1718_p2_b\x64\debug\responsesystem.tlog\link.write.1.tlog
c:\users\mcgra\desktop\finalrwm\responsesystem\responsesystem\responsesystem\rwm_1718_p2_b\x64\debug\responsesystem.tlog\responsesystem.write.1u.tlog
