c:\users\user\desktop\nov8th\rwm_1718_p2_b\rwm_1718_p2_b\rwm_1718_p2_b\x64\debug\vc141.pdb
c:\users\user\desktop\nov8th\rwm_1718_p2_b\rwm_1718_p2_b\rwm_1718_p2_b\x64\debug\vc141.idb
c:\users\user\desktop\nov8th\rwm_1718_p2_b\rwm_1718_p2_b\rwm_1718_p2_b\x64\debug\game.obj
c:\users\user\desktop\nov8th\rwm_1718_p2_b\rwm_1718_p2_b\rwm_1718_p2_b\x64\debug\inputmanager.obj
c:\users\user\desktop\nov8th\rwm_1718_p2_b\rwm_1718_p2_b\rwm_1718_p2_b\x64\debug\ltimer.obj
c:\users\user\desktop\nov8th\rwm_1718_p2_b\rwm_1718_p2_b\rwm_1718_p2_b\x64\debug\source.obj
c:\users\user\desktop\nov8th\rwm_1718_p2_b\rwm_1718_p2_b\rwm_1718_p2_b\x64\debug\menu.obj
c:\users\user\desktop\nov8th\rwm_1718_p2_b\rwm_1718_p2_b\x64\debug\rwm_1718_p2_b.lib
c:\users\user\desktop\nov8th\rwm_1718_p2_b\rwm_1718_p2_b\x64\debug\rwm_1718_p2_b.exp
c:\users\user\desktop\nov8th\rwm_1718_p2_b\rwm_1718_p2_b\rwm_1718_p2_b\x64\debug\game.obj.enc
c:\users\user\desktop\nov8th\rwm_1718_p2_b\rwm_1718_p2_b\x64\debug\rwm_1718_p2_b.pdb
c:\users\user\desktop\nov8th\rwm_1718_p2_b\rwm_1718_p2_b\rwm_1718_p2_b\x64\debug\rwm_1718_p2_b.tlog\cl.command.1.tlog
c:\users\user\desktop\nov8th\rwm_1718_p2_b\rwm_1718_p2_b\rwm_1718_p2_b\x64\debug\rwm_1718_p2_b.tlog\cl.read.1.tlog
c:\users\user\desktop\nov8th\rwm_1718_p2_b\rwm_1718_p2_b\rwm_1718_p2_b\x64\debug\rwm_1718_p2_b.tlog\cl.write.1.tlog
c:\users\user\desktop\nov8th\rwm_1718_p2_b\rwm_1718_p2_b\rwm_1718_p2_b\x64\debug\rwm_1718_p2_b.tlog\link-cvtres.read.1.tlog
c:\users\user\desktop\nov8th\rwm_1718_p2_b\rwm_1718_p2_b\rwm_1718_p2_b\x64\debug\rwm_1718_p2_b.tlog\link-cvtres.write.1.tlog
c:\users\user\desktop\nov8th\rwm_1718_p2_b\rwm_1718_p2_b\rwm_1718_p2_b\x64\debug\rwm_1718_p2_b.tlog\link-rc.read.1.tlog
c:\users\user\desktop\nov8th\rwm_1718_p2_b\rwm_1718_p2_b\rwm_1718_p2_b\x64\debug\rwm_1718_p2_b.tlog\link-rc.write.1.tlog
c:\users\user\desktop\nov8th\rwm_1718_p2_b\rwm_1718_p2_b\rwm_1718_p2_b\x64\debug\rwm_1718_p2_b.tlog\link.6628-cvtres.read.1.tlog
c:\users\user\desktop\nov8th\rwm_1718_p2_b\rwm_1718_p2_b\rwm_1718_p2_b\x64\debug\rwm_1718_p2_b.tlog\link.6628-cvtres.write.1.tlog
c:\users\user\desktop\nov8th\rwm_1718_p2_b\rwm_1718_p2_b\rwm_1718_p2_b\x64\debug\rwm_1718_p2_b.tlog\link.6628-rc.read.1.tlog
c:\users\user\desktop\nov8th\rwm_1718_p2_b\rwm_1718_p2_b\rwm_1718_p2_b\x64\debug\rwm_1718_p2_b.tlog\link.6628-rc.write.1.tlog
c:\users\user\desktop\nov8th\rwm_1718_p2_b\rwm_1718_p2_b\rwm_1718_p2_b\x64\debug\rwm_1718_p2_b.tlog\link.6628.read.1.tlog
c:\users\user\desktop\nov8th\rwm_1718_p2_b\rwm_1718_p2_b\rwm_1718_p2_b\x64\debug\rwm_1718_p2_b.tlog\link.6628.write.1.tlog
c:\users\user\desktop\nov8th\rwm_1718_p2_b\rwm_1718_p2_b\rwm_1718_p2_b\x64\debug\rwm_1718_p2_b.tlog\link.command.1.tlog
c:\users\user\desktop\nov8th\rwm_1718_p2_b\rwm_1718_p2_b\rwm_1718_p2_b\x64\debug\rwm_1718_p2_b.tlog\link.read.1.tlog
c:\users\user\desktop\nov8th\rwm_1718_p2_b\rwm_1718_p2_b\rwm_1718_p2_b\x64\debug\rwm_1718_p2_b.tlog\link.write.1.tlog
c:\users\user\desktop\nov8th\rwm_1718_p2_b\rwm_1718_p2_b\rwm_1718_p2_b\x64\debug\rwm_1718_p2_b.tlog\rwm_1718_p2_b.write.1u.tlog
